<?xml version="1.0" encoding="UTF-8"?>
<testsuite name="HeapTest" tests="4" skipped="0" failures="0" errors="0" timestamp="2022-09-25T16:47:10" hostname="fv-az203-235" time="0.813">
  <properties/>
  <testcase name="testCorrectOrderInHeap()" classname="HeapTest" time="0.2"/>
  <testcase name="testForMin()" classname="HeapTest" time="0.011"/>
  <testcase name="testThrows()" classname="HeapTest" time="0.002"/>
  <testcase name="testSorting()" classname="HeapTest" time="0.592"/>
  <system-out><![CDATA[]]></system-out>
  <system-err><![CDATA[]]></system-err>
</testsuite>
